[2020-10-17 12:30:34] app.ERROR: Data from PrestaShop Addons is invalid, and cannot fallback on cache.  {"exception":"cURL error 28: Operation timed out after 5000 milliseconds with 260354 bytes received"} []
[2020-10-17 12:30:34] app.INFO: Protect vendor folder in module contactform [] []
[2020-10-17 12:30:34] app.INFO: Module contactform has no vendor folder [] []
[2020-10-17 12:30:34] app.INFO: Protect vendor folder in module dashactivity [] []
[2020-10-17 12:30:34] app.INFO: Module dashactivity has no vendor folder [] []
[2020-10-17 12:30:34] app.INFO: Protect vendor folder in module dashtrends [] []
[2020-10-17 12:30:34] app.INFO: Module dashtrends has no vendor folder [] []
[2020-10-17 12:30:34] app.INFO: Protect vendor folder in module dashgoals [] []
[2020-10-17 12:30:34] app.INFO: Module dashgoals has no vendor folder [] []
[2020-10-17 12:30:34] app.INFO: Protect vendor folder in module dashproducts [] []
[2020-10-17 12:30:34] app.INFO: Module dashproducts has no vendor folder [] []
[2020-10-17 12:30:34] app.INFO: Protect vendor folder in module graphnvd3 [] []
[2020-10-17 12:30:34] app.INFO: Module graphnvd3 has no vendor folder [] []
[2020-10-17 12:30:34] app.INFO: Protect vendor folder in module gridhtml [] []
[2020-10-17 12:30:34] app.INFO: Module gridhtml has no vendor folder [] []
[2020-10-17 12:30:34] app.INFO: Protect vendor folder in module gsitemap [] []
[2020-10-17 12:30:34] app.INFO: Module gsitemap has no vendor folder [] []
[2020-10-17 12:30:34] app.INFO: Protect vendor folder in module ps_banner [] []
[2020-10-17 12:30:34] app.INFO: Module ps_banner has no vendor folder [] []
[2020-10-17 12:30:35] app.INFO: Protect vendor folder in module ps_categorytree [] []
[2020-10-17 12:30:35] app.INFO: Module ps_categorytree has no vendor folder [] []
[2020-10-17 12:30:35] app.INFO: Protect vendor folder in module ps_checkpayment [] []
[2020-10-17 12:30:35] app.INFO: Module ps_checkpayment has no vendor folder [] []
[2020-10-17 12:30:35] app.INFO: Protect vendor folder in module ps_contactinfo [] []
[2020-10-17 12:30:35] app.INFO: Module ps_contactinfo has no vendor folder [] []
[2020-10-17 12:30:35] app.INFO: Protect vendor folder in module ps_currencyselector [] []
[2020-10-17 12:30:35] app.INFO: Module ps_currencyselector has no vendor folder [] []
[2020-10-17 12:30:35] app.INFO: Protect vendor folder in module ps_customeraccountlinks [] []
[2020-10-17 12:30:35] app.INFO: Module ps_customeraccountlinks has no vendor folder [] []
[2020-10-17 12:30:35] app.INFO: Protect vendor folder in module ps_customersignin [] []
[2020-10-17 12:30:35] app.INFO: Module ps_customersignin has no vendor folder [] []
[2020-10-17 12:30:35] app.INFO: Protect vendor folder in module ps_customtext [] []
[2020-10-17 12:30:35] app.INFO: Module ps_customtext has no vendor folder [] []
[2020-10-17 12:30:35] app.INFO: Protect vendor folder in module ps_emailsubscription [] []
[2020-10-17 12:30:35] app.INFO: Module ps_emailsubscription has no vendor folder [] []
[2020-10-17 12:30:35] app.INFO: Protect vendor folder in module ps_facetedsearch [] []
[2020-10-17 12:30:35] app.INFO: Module ps_facetedsearch has no vendor folder [] []
[2020-10-17 12:30:35] app.INFO: Protect vendor folder in module ps_faviconnotificationbo [] []
[2020-10-17 12:30:35] app.INFO: Module ps_faviconnotificationbo has no vendor folder [] []
[2020-10-17 12:30:35] app.INFO: Protect vendor folder in module ps_featuredproducts [] []
[2020-10-17 12:30:35] app.INFO: Module ps_featuredproducts has no vendor folder [] []
[2020-10-17 12:30:36] app.INFO: Protect vendor folder in module ps_imageslider [] []
[2020-10-17 12:30:36] app.INFO: Module ps_imageslider has no vendor folder [] []
[2020-10-17 12:30:36] app.INFO: Protect vendor folder in module ps_languageselector [] []
[2020-10-17 12:30:36] app.INFO: Module ps_languageselector has no vendor folder [] []
[2020-10-17 12:30:36] app.INFO: Protect vendor folder in module ps_linklist [] []
[2020-10-17 12:30:36] app.INFO: Module ps_linklist has no vendor folder [] []
[2020-10-17 12:30:36] app.ERROR: Class "AdminLinkWidgetController" not found in controllers/admin [] []
[2020-10-17 12:30:36] app.INFO: Protect vendor folder in module ps_mainmenu [] []
[2020-10-17 12:30:36] app.INFO: Module ps_mainmenu has no vendor folder [] []
[2020-10-17 12:30:36] app.INFO: Protect vendor folder in module ps_searchbar [] []
[2020-10-17 12:30:36] app.INFO: Module ps_searchbar has no vendor folder [] []
[2020-10-17 12:30:36] app.INFO: Protect vendor folder in module ps_sharebuttons [] []
[2020-10-17 12:30:36] app.INFO: Module ps_sharebuttons has no vendor folder [] []
[2020-10-17 12:30:36] app.INFO: Protect vendor folder in module ps_shoppingcart [] []
[2020-10-17 12:30:36] app.INFO: Module ps_shoppingcart has no vendor folder [] []
[2020-10-17 12:30:36] app.INFO: Protect vendor folder in module ps_socialfollow [] []
[2020-10-17 12:30:36] app.INFO: Module ps_socialfollow has no vendor folder [] []
[2020-10-17 12:30:36] app.INFO: Protect vendor folder in module ps_themecusto [] []
[2020-10-17 12:30:36] app.INFO: Module ps_themecusto has no vendor folder [] []
[2020-10-17 12:30:36] app.INFO: Protect vendor folder in module ps_wirepayment [] []
[2020-10-17 12:30:36] app.INFO: Module ps_wirepayment has no vendor folder [] []
[2020-10-17 12:30:36] app.INFO: Protect vendor folder in module pagesnotfound [] []
[2020-10-17 12:30:36] app.INFO: Module pagesnotfound has no vendor folder [] []
[2020-10-17 12:30:36] app.INFO: Protect vendor folder in module sekeywords [] []
[2020-10-17 12:30:36] app.INFO: Module sekeywords has no vendor folder [] []
[2020-10-17 12:30:36] app.INFO: Protect vendor folder in module statsbestcategories [] []
[2020-10-17 12:30:36] app.INFO: Module statsbestcategories has no vendor folder [] []
[2020-10-17 12:30:36] app.INFO: Protect vendor folder in module statsbestcustomers [] []
[2020-10-17 12:30:36] app.INFO: Module statsbestcustomers has no vendor folder [] []
[2020-10-17 12:30:36] app.INFO: Protect vendor folder in module statsbestproducts [] []
[2020-10-17 12:30:36] app.INFO: Module statsbestproducts has no vendor folder [] []
[2020-10-17 12:30:36] app.INFO: Protect vendor folder in module statsbestsuppliers [] []
[2020-10-17 12:30:36] app.INFO: Module statsbestsuppliers has no vendor folder [] []
[2020-10-17 12:30:36] app.INFO: Protect vendor folder in module statsbestvouchers [] []
[2020-10-17 12:30:36] app.INFO: Module statsbestvouchers has no vendor folder [] []
[2020-10-17 12:30:36] app.INFO: Protect vendor folder in module statscarrier [] []
[2020-10-17 12:30:36] app.INFO: Module statscarrier has no vendor folder [] []
[2020-10-17 12:30:36] app.INFO: Protect vendor folder in module statscatalog [] []
[2020-10-17 12:30:36] app.INFO: Module statscatalog has no vendor folder [] []
[2020-10-17 12:30:36] app.INFO: Protect vendor folder in module statscheckup [] []
[2020-10-17 12:30:36] app.INFO: Module statscheckup has no vendor folder [] []
[2020-10-17 12:30:36] app.INFO: Protect vendor folder in module statsdata [] []
[2020-10-17 12:30:36] app.INFO: Module statsdata has no vendor folder [] []
[2020-10-17 12:30:36] app.INFO: Protect vendor folder in module statsequipment [] []
[2020-10-17 12:30:36] app.INFO: Module statsequipment has no vendor folder [] []
[2020-10-17 12:30:37] app.INFO: Protect vendor folder in module statsforecast [] []
[2020-10-17 12:30:37] app.INFO: Module statsforecast has no vendor folder [] []
[2020-10-17 12:30:37] app.INFO: Protect vendor folder in module statslive [] []
[2020-10-17 12:30:37] app.INFO: Module statslive has no vendor folder [] []
[2020-10-17 12:30:37] app.INFO: Protect vendor folder in module statsnewsletter [] []
[2020-10-17 12:30:37] app.INFO: Module statsnewsletter has no vendor folder [] []
[2020-10-17 12:30:37] app.INFO: Protect vendor folder in module statsorigin [] []
[2020-10-17 12:30:37] app.INFO: Module statsorigin has no vendor folder [] []
[2020-10-17 12:30:37] app.INFO: Protect vendor folder in module statspersonalinfos [] []
[2020-10-17 12:30:37] app.INFO: Module statspersonalinfos has no vendor folder [] []
[2020-10-17 12:30:37] app.INFO: Protect vendor folder in module statsproduct [] []
[2020-10-17 12:30:37] app.INFO: Module statsproduct has no vendor folder [] []
[2020-10-17 12:30:37] app.INFO: Protect vendor folder in module statsregistrations [] []
[2020-10-17 12:30:37] app.INFO: Module statsregistrations has no vendor folder [] []
[2020-10-17 12:30:37] app.INFO: Protect vendor folder in module statssales [] []
[2020-10-17 12:30:37] app.INFO: Module statssales has no vendor folder [] []
[2020-10-17 12:30:37] app.INFO: Protect vendor folder in module statssearch [] []
[2020-10-17 12:30:37] app.INFO: Module statssearch has no vendor folder [] []
[2020-10-17 12:30:37] app.INFO: Protect vendor folder in module statsstock [] []
[2020-10-17 12:30:37] app.INFO: Module statsstock has no vendor folder [] []
[2020-10-17 12:30:37] app.INFO: Protect vendor folder in module statsvisits [] []
[2020-10-17 12:30:37] app.INFO: Module statsvisits has no vendor folder [] []
[2020-10-17 12:30:37] app.INFO: Protect vendor folder in module welcome [] []
[2020-10-17 12:33:13] app.ERROR: Data from PrestaShop Addons is invalid, and cannot fallback on cache.  {"exception":"cURL error 28: Operation timed out after 5000 milliseconds with 792428 bytes received"} []
[2020-10-17 12:33:13] app.INFO: Protect vendor folder in module gamification [] []
[2020-10-17 12:33:13] app.INFO: Protect vendor folder in module emarketing [] []
[2020-10-17 12:33:13] app.INFO: Protect vendor folder in module psaddonsconnect [] []
[2020-10-17 12:33:13] app.INFO: Protect vendor folder in module psgdpr [] []
[2020-10-17 12:33:13] app.INFO: Protect vendor folder in module ps_mbo [] []
[2020-10-17 12:33:13] app.INFO: Protect vendor folder in module ps_buybuttonlite [] []
[2020-10-17 12:33:13] app.INFO: Protect vendor folder in module ps_checkout [] []
[2020-10-17 12:33:19] app.INFO: Exporting mail with theme modern for language Français (French) [] []
[2020-10-17 12:33:19] app.INFO: Core output folder: /Applications/MAMP/htdocs/prestashop/mails [] []
[2020-10-17 12:33:19] app.INFO: Modules output folder: /Applications/MAMP/htdocs/prestashop/modules/ [] []
[2020-10-17 12:33:19] app.INFO: Generate html template account at /Applications/MAMP/htdocs/prestashop/mails/fr/account.html [] []
[2020-10-17 12:33:19] app.INFO: Generate txt template account at /Applications/MAMP/htdocs/prestashop/mails/fr/account.txt [] []
[2020-10-17 12:33:19] app.INFO: Generate html template backoffice_order at /Applications/MAMP/htdocs/prestashop/mails/fr/backoffice_order.html [] []
[2020-10-17 12:33:19] app.INFO: Generate txt template backoffice_order at /Applications/MAMP/htdocs/prestashop/mails/fr/backoffice_order.txt [] []
[2020-10-17 12:33:19] app.INFO: Generate html template bankwire at /Applications/MAMP/htdocs/prestashop/mails/fr/bankwire.html [] []
[2020-10-17 12:33:19] app.INFO: Generate txt template bankwire at /Applications/MAMP/htdocs/prestashop/mails/fr/bankwire.txt [] []
[2020-10-17 12:33:20] app.INFO: Generate html template cheque at /Applications/MAMP/htdocs/prestashop/mails/fr/cheque.html [] []
[2020-10-17 12:33:20] app.INFO: Generate txt template cheque at /Applications/MAMP/htdocs/prestashop/mails/fr/cheque.txt [] []
[2020-10-17 12:33:20] app.INFO: Generate html template contact at /Applications/MAMP/htdocs/prestashop/mails/fr/contact.html [] []
[2020-10-17 12:33:20] app.INFO: Generate txt template contact at /Applications/MAMP/htdocs/prestashop/mails/fr/contact.txt [] []
[2020-10-17 12:33:20] app.INFO: Generate html template contact_form at /Applications/MAMP/htdocs/prestashop/mails/fr/contact_form.html [] []
[2020-10-17 12:33:20] app.INFO: Generate txt template contact_form at /Applications/MAMP/htdocs/prestashop/mails/fr/contact_form.txt [] []
[2020-10-17 12:33:20] app.INFO: Generate html template credit_slip at /Applications/MAMP/htdocs/prestashop/mails/fr/credit_slip.html [] []
[2020-10-17 12:33:20] app.INFO: Generate txt template credit_slip at /Applications/MAMP/htdocs/prestashop/mails/fr/credit_slip.txt [] []
[2020-10-17 12:33:20] app.INFO: Generate html template download_product at /Applications/MAMP/htdocs/prestashop/mails/fr/download_product.html [] []
[2020-10-17 12:33:20] app.INFO: Generate txt template download_product at /Applications/MAMP/htdocs/prestashop/mails/fr/download_product.txt [] []
[2020-10-17 12:33:20] app.INFO: Generate html template employee_password at /Applications/MAMP/htdocs/prestashop/mails/fr/employee_password.html [] []
[2020-10-17 12:33:20] app.INFO: Generate txt template employee_password at /Applications/MAMP/htdocs/prestashop/mails/fr/employee_password.txt [] []
[2020-10-17 12:33:20] app.INFO: Generate html template forward_msg at /Applications/MAMP/htdocs/prestashop/mails/fr/forward_msg.html [] []
[2020-10-17 12:33:20] app.INFO: Generate txt template forward_msg at /Applications/MAMP/htdocs/prestashop/mails/fr/forward_msg.txt [] []
[2020-10-17 12:33:20] app.INFO: Generate html template guest_to_customer at /Applications/MAMP/htdocs/prestashop/mails/fr/guest_to_customer.html [] []
[2020-10-17 12:33:20] app.INFO: Generate txt template guest_to_customer at /Applications/MAMP/htdocs/prestashop/mails/fr/guest_to_customer.txt [] []
[2020-10-17 12:33:20] app.INFO: Generate html template import at /Applications/MAMP/htdocs/prestashop/mails/fr/import.html [] []
[2020-10-17 12:33:20] app.INFO: Generate txt template import at /Applications/MAMP/htdocs/prestashop/mails/fr/import.txt [] []
[2020-10-17 12:33:20] app.INFO: Generate html template in_transit at /Applications/MAMP/htdocs/prestashop/mails/fr/in_transit.html [] []
[2020-10-17 12:33:20] app.INFO: Generate txt template in_transit at /Applications/MAMP/htdocs/prestashop/mails/fr/in_transit.txt [] []
[2020-10-17 12:33:20] app.INFO: Generate html template log_alert at /Applications/MAMP/htdocs/prestashop/mails/fr/log_alert.html [] []
[2020-10-17 12:33:20] app.INFO: Generate txt template log_alert at /Applications/MAMP/htdocs/prestashop/mails/fr/log_alert.txt [] []
[2020-10-17 12:33:20] app.INFO: Generate html template newsletter at /Applications/MAMP/htdocs/prestashop/mails/fr/newsletter.html [] []
[2020-10-17 12:33:20] app.INFO: Generate txt template newsletter at /Applications/MAMP/htdocs/prestashop/mails/fr/newsletter.txt [] []
[2020-10-17 12:33:20] app.INFO: Generate html template order_canceled at /Applications/MAMP/htdocs/prestashop/mails/fr/order_canceled.html [] []
[2020-10-17 12:33:20] app.INFO: Generate txt template order_canceled at /Applications/MAMP/htdocs/prestashop/mails/fr/order_canceled.txt [] []
[2020-10-17 12:33:20] app.INFO: Generate html template order_changed at /Applications/MAMP/htdocs/prestashop/mails/fr/order_changed.html [] []
[2020-10-17 12:33:20] app.INFO: Generate txt template order_changed at /Applications/MAMP/htdocs/prestashop/mails/fr/order_changed.txt [] []
[2020-10-17 12:33:20] app.INFO: Generate html template order_conf at /Applications/MAMP/htdocs/prestashop/mails/fr/order_conf.html [] []
[2020-10-17 12:33:20] app.INFO: Generate txt template order_conf at /Applications/MAMP/htdocs/prestashop/mails/fr/order_conf.txt [] []
[2020-10-17 12:33:20] app.INFO: Generate html template order_customer_comment at /Applications/MAMP/htdocs/prestashop/mails/fr/order_customer_comment.html [] []
[2020-10-17 12:33:20] app.INFO: Generate txt template order_customer_comment at /Applications/MAMP/htdocs/prestashop/mails/fr/order_customer_comment.txt [] []
[2020-10-17 12:33:20] app.INFO: Generate html template order_merchant_comment at /Applications/MAMP/htdocs/prestashop/mails/fr/order_merchant_comment.html [] []
[2020-10-17 12:33:20] app.INFO: Generate txt template order_merchant_comment at /Applications/MAMP/htdocs/prestashop/mails/fr/order_merchant_comment.txt [] []
[2020-10-17 12:33:20] app.INFO: Generate html template order_return_state at /Applications/MAMP/htdocs/prestashop/mails/fr/order_return_state.html [] []
[2020-10-17 12:33:20] app.INFO: Generate txt template order_return_state at /Applications/MAMP/htdocs/prestashop/mails/fr/order_return_state.txt [] []
[2020-10-17 12:33:20] app.INFO: Generate html template outofstock at /Applications/MAMP/htdocs/prestashop/mails/fr/outofstock.html [] []
[2020-10-17 12:33:20] app.INFO: Generate txt template outofstock at /Applications/MAMP/htdocs/prestashop/mails/fr/outofstock.txt [] []
[2020-10-17 12:33:20] app.INFO: Generate html template password at /Applications/MAMP/htdocs/prestashop/mails/fr/password.html [] []
[2020-10-17 12:33:20] app.INFO: Generate txt template password at /Applications/MAMP/htdocs/prestashop/mails/fr/password.txt [] []
[2020-10-17 12:33:20] app.INFO: Generate html template password_query at /Applications/MAMP/htdocs/prestashop/mails/fr/password_query.html [] []
[2020-10-17 12:33:20] app.INFO: Generate txt template password_query at /Applications/MAMP/htdocs/prestashop/mails/fr/password_query.txt [] []
[2020-10-17 12:33:20] app.INFO: Generate html template payment at /Applications/MAMP/htdocs/prestashop/mails/fr/payment.html [] []
[2020-10-17 12:33:20] app.INFO: Generate txt template payment at /Applications/MAMP/htdocs/prestashop/mails/fr/payment.txt [] []
[2020-10-17 12:33:20] app.INFO: Generate html template payment_error at /Applications/MAMP/htdocs/prestashop/mails/fr/payment_error.html [] []
[2020-10-17 12:33:20] app.INFO: Generate txt template payment_error at /Applications/MAMP/htdocs/prestashop/mails/fr/payment_error.txt [] []
[2020-10-17 12:33:20] app.INFO: Generate html template preparation at /Applications/MAMP/htdocs/prestashop/mails/fr/preparation.html [] []
[2020-10-17 12:33:20] app.INFO: Generate txt template preparation at /Applications/MAMP/htdocs/prestashop/mails/fr/preparation.txt [] []
[2020-10-17 12:33:20] app.INFO: Generate html template productoutofstock at /Applications/MAMP/htdocs/prestashop/mails/fr/productoutofstock.html [] []
[2020-10-17 12:33:20] app.INFO: Generate txt template productoutofstock at /Applications/MAMP/htdocs/prestashop/mails/fr/productoutofstock.txt [] []
[2020-10-17 12:33:21] app.INFO: Generate html template refund at /Applications/MAMP/htdocs/prestashop/mails/fr/refund.html [] []
[2020-10-17 12:33:21] app.INFO: Generate txt template refund at /Applications/MAMP/htdocs/prestashop/mails/fr/refund.txt [] []
[2020-10-17 12:33:21] app.INFO: Generate html template reply_msg at /Applications/MAMP/htdocs/prestashop/mails/fr/reply_msg.html [] []
[2020-10-17 12:33:21] app.INFO: Generate txt template reply_msg at /Applications/MAMP/htdocs/prestashop/mails/fr/reply_msg.txt [] []
[2020-10-17 12:33:21] app.INFO: Generate html template shipped at /Applications/MAMP/htdocs/prestashop/mails/fr/shipped.html [] []
[2020-10-17 12:33:21] app.INFO: Generate txt template shipped at /Applications/MAMP/htdocs/prestashop/mails/fr/shipped.txt [] []
[2020-10-17 12:33:21] app.INFO: Generate html template test at /Applications/MAMP/htdocs/prestashop/mails/fr/test.html [] []
[2020-10-17 12:33:21] app.INFO: Generate txt template test at /Applications/MAMP/htdocs/prestashop/mails/fr/test.txt [] []
[2020-10-17 12:33:21] app.INFO: Generate html template voucher at /Applications/MAMP/htdocs/prestashop/mails/fr/voucher.html [] []
[2020-10-17 12:33:21] app.INFO: Generate txt template voucher at /Applications/MAMP/htdocs/prestashop/mails/fr/voucher.txt [] []
[2020-10-17 12:33:21] app.INFO: Generate html template voucher_new at /Applications/MAMP/htdocs/prestashop/mails/fr/voucher_new.html [] []
[2020-10-17 12:33:21] app.INFO: Generate txt template voucher_new at /Applications/MAMP/htdocs/prestashop/mails/fr/voucher_new.txt [] []
[2020-10-17 12:33:21] app.INFO: Generate html template followup_1 at /Applications/MAMP/htdocs/prestashop/modules//followup/mails/fr/followup_1.html [] []
[2020-10-17 12:33:21] app.INFO: Generate txt template followup_1 at /Applications/MAMP/htdocs/prestashop/modules//followup/mails/fr/followup_1.txt [] []
[2020-10-17 12:33:21] app.INFO: Generate html template followup_2 at /Applications/MAMP/htdocs/prestashop/modules//followup/mails/fr/followup_2.html [] []
[2020-10-17 12:33:21] app.INFO: Generate txt template followup_2 at /Applications/MAMP/htdocs/prestashop/modules//followup/mails/fr/followup_2.txt [] []
[2020-10-17 12:33:21] app.INFO: Generate html template followup_3 at /Applications/MAMP/htdocs/prestashop/modules//followup/mails/fr/followup_3.html [] []
[2020-10-17 12:33:21] app.INFO: Generate txt template followup_3 at /Applications/MAMP/htdocs/prestashop/modules//followup/mails/fr/followup_3.txt [] []
[2020-10-17 12:33:21] app.INFO: Generate html template followup_4 at /Applications/MAMP/htdocs/prestashop/modules//followup/mails/fr/followup_4.html [] []
[2020-10-17 12:33:21] app.INFO: Generate txt template followup_4 at /Applications/MAMP/htdocs/prestashop/modules//followup/mails/fr/followup_4.txt [] []
[2020-10-17 12:33:21] app.INFO: Generate html template customer_qty at /Applications/MAMP/htdocs/prestashop/modules//ps_emailalerts/mails/fr/customer_qty.html [] []
[2020-10-17 12:33:21] app.INFO: Generate txt template customer_qty at /Applications/MAMP/htdocs/prestashop/modules//ps_emailalerts/mails/fr/customer_qty.txt [] []
[2020-10-17 12:33:21] app.INFO: Generate html template new_order at /Applications/MAMP/htdocs/prestashop/modules//ps_emailalerts/mails/fr/new_order.html [] []
[2020-10-17 12:33:21] app.INFO: Generate txt template new_order at /Applications/MAMP/htdocs/prestashop/modules//ps_emailalerts/mails/fr/new_order.txt [] []
[2020-10-17 12:33:21] app.INFO: Generate html template order_changed at /Applications/MAMP/htdocs/prestashop/modules//ps_emailalerts/mails/fr/order_changed.html [] []
[2020-10-17 12:33:21] app.INFO: Generate txt template order_changed at /Applications/MAMP/htdocs/prestashop/modules//ps_emailalerts/mails/fr/order_changed.txt [] []
[2020-10-17 12:33:21] app.INFO: Generate html template productcoverage at /Applications/MAMP/htdocs/prestashop/modules//ps_emailalerts/mails/fr/productcoverage.html [] []
[2020-10-17 12:33:21] app.INFO: Generate txt template productcoverage at /Applications/MAMP/htdocs/prestashop/modules//ps_emailalerts/mails/fr/productcoverage.txt [] []
[2020-10-17 12:33:21] app.INFO: Generate html template productoutofstock at /Applications/MAMP/htdocs/prestashop/modules//ps_emailalerts/mails/fr/productoutofstock.html [] []
[2020-10-17 12:33:21] app.INFO: Generate txt template productoutofstock at /Applications/MAMP/htdocs/prestashop/modules//ps_emailalerts/mails/fr/productoutofstock.txt [] []
[2020-10-17 12:33:21] app.INFO: Generate html template return_slip at /Applications/MAMP/htdocs/prestashop/modules//ps_emailalerts/mails/fr/return_slip.html [] []
[2020-10-17 12:33:21] app.INFO: Generate txt template return_slip at /Applications/MAMP/htdocs/prestashop/modules//ps_emailalerts/mails/fr/return_slip.txt [] []
[2020-10-17 12:33:21] app.INFO: Generate html template referralprogram-congratulations at /Applications/MAMP/htdocs/prestashop/modules//referralprogram/mails/fr/referralprogram-congratulations.html [] []
[2020-10-17 12:33:21] app.INFO: Generate txt template referralprogram-congratulations at /Applications/MAMP/htdocs/prestashop/modules//referralprogram/mails/fr/referralprogram-congratulations.txt [] []
[2020-10-17 12:33:21] app.INFO: Generate html template referralprogram-invitation at /Applications/MAMP/htdocs/prestashop/modules//referralprogram/mails/fr/referralprogram-invitation.html [] []
[2020-10-17 12:33:21] app.INFO: Generate txt template referralprogram-invitation at /Applications/MAMP/htdocs/prestashop/modules//referralprogram/mails/fr/referralprogram-invitation.txt [] []
[2020-10-17 12:33:21] app.INFO: Generate html template referralprogram-voucher at /Applications/MAMP/htdocs/prestashop/modules//referralprogram/mails/fr/referralprogram-voucher.html [] []
[2020-10-17 12:33:21] app.INFO: Generate txt template referralprogram-voucher at /Applications/MAMP/htdocs/prestashop/modules//referralprogram/mails/fr/referralprogram-voucher.txt [] []
[2020-10-17 12:33:21] app.INFO: Generate html template newsletter_conf at /Applications/MAMP/htdocs/prestashop/modules//ps_emailsubscription/mails/fr/newsletter_conf.html [] []
[2020-10-17 12:33:21] app.INFO: Generate txt template newsletter_conf at /Applications/MAMP/htdocs/prestashop/modules//ps_emailsubscription/mails/fr/newsletter_conf.txt [] []
[2020-10-17 12:33:21] app.INFO: Generate html template newsletter_verif at /Applications/MAMP/htdocs/prestashop/modules//ps_emailsubscription/mails/fr/newsletter_verif.html [] []
[2020-10-17 12:33:21] app.INFO: Generate txt template newsletter_verif at /Applications/MAMP/htdocs/prestashop/modules//ps_emailsubscription/mails/fr/newsletter_verif.txt [] []
[2020-10-17 12:33:21] app.INFO: Generate html template newsletter_voucher at /Applications/MAMP/htdocs/prestashop/modules//ps_emailsubscription/mails/fr/newsletter_voucher.html [] []
[2020-10-17 12:33:21] app.INFO: Generate txt template newsletter_voucher at /Applications/MAMP/htdocs/prestashop/modules//ps_emailsubscription/mails/fr/newsletter_voucher.txt [] []
[2020-10-17 14:47:34] request.INFO: Matched route "admin_module_manage". {"route":"admin_module_manage","route_parameters":{"category":null,"keyword":null,"_controller":"PrestaShopBundle\\Controller\\Admin\\Improve\\ModuleController::manageAction","_legacy_controller":"AdminModulesManage","_legacy_link":["AdminModulesManage","AdminModulesSf"],"_route":"admin_module_manage"},"request_uri":"http://localhost:8888/prestashop/admin458bkcvd6/index.php/improve/modules/manage?_token=09ayovkyUK_54pxYe6OGblTDrQK98bu4y1rqXdaIsaM","method":"GET"} []
[2020-10-17 14:47:34] security.DEBUG: Read existing security token from the session. {"key":"_security_main","token_class":"Symfony\\Component\\Security\\Core\\Authentication\\Token\\UsernamePasswordToken"} []
[2020-10-17 14:47:34] security.DEBUG: User was reloaded from a user provider. {"provider":"PrestaShopBundle\\Security\\Admin\\EmployeeProvider","username":"mbackesene93@gmail.com"} []
[2020-10-17 14:47:39] app.ERROR: Data from PrestaShop Addons is invalid, and cannot fallback on cache.  {"exception":"cURL error 28: Operation timed out after 5001 milliseconds with 452172 bytes received"} []
[2020-10-17 14:47:40] security.DEBUG: Stored the security token in the session. {"key":"_security_main"} []
[2020-10-17 14:47:40] request.INFO: Matched route "admin_module_notification_count". {"route":"admin_module_notification_count","route_parameters":{"_controller":"PrestaShopBundle\\Controller\\Admin\\Improve\\Modules\\AlertsController::notificationsCountAction","_legacy_controller":"AdminModulesNotifications","_legacy_link":"AdminModulesNotifications:count","_route":"admin_module_notification_count"},"request_uri":"http://localhost:8888/prestashop/admin458bkcvd6/index.php/improve/modules/alerts/count?_token=09ayovkyUK_54pxYe6OGblTDrQK98bu4y1rqXdaIsaM","method":"GET"} []
[2020-10-17 14:47:41] security.DEBUG: Read existing security token from the session. {"key":"_security_main","token_class":"Symfony\\Component\\Security\\Core\\Authentication\\Token\\UsernamePasswordToken"} []
[2020-10-17 14:47:41] security.DEBUG: User was reloaded from a user provider. {"provider":"PrestaShopBundle\\Security\\Admin\\EmployeeProvider","username":"mbackesene93@gmail.com"} []
[2020-10-17 14:47:46] app.ERROR: Data from PrestaShop Addons is invalid, and cannot fallback on cache.  {"exception":"cURL error 28: Operation timed out after 5000 milliseconds with 175548 bytes received"} []
[2020-10-17 14:47:46] security.DEBUG: Stored the security token in the session. {"key":"_security_main"} []
